{
  "uid" : "8167924c89f9741d",
  "name" : "test_func",
  "fullName" : "test_demo.TestDome#test_func",
  "historyId" : "e9bc70882b84ef2fe0b7d3734abdae28",
  "time" : {
    "start" : 1594808117290,
    "stop" : 1594808117292,
    "duration" : 2
  },
  "status" : "failed",
  "statusMessage" : "AssertionError: assert 4 == 5\n +  where 4 = <bound method TestDome.func of <test_aasd.test_demo.TestDome object at 0x03753D90>>(3)\n +    where <bound method TestDome.func of <test_aasd.test_demo.TestDome object at 0x03753D90>> = <test_aasd.test_demo.TestDome object at 0x03753D90>.func",
  "statusTrace" : "self = <test_aasd.test_demo.TestDome object at 0x03753D90>\n\n    @allure.story(\"被测场景\")\n    @allure.severity(\"blocker\")\n    @allure.step(\"断言结果\")\n    def test_func(self):\n        # with pytest.allure.step(\"查询认证信息\"):\n        allure.attach(\"预期结果\", \"{}\".format(self.func(3)))\n        allure.attach(\"实际结果\", \"{}\".format(5))\n>       assert self.func(3) == 5\nE       assert 4 == 5\nE        +  where 4 = <bound method TestDome.func of <test_aasd.test_demo.TestDome object at 0x03753D90>>(3)\nE        +    where <bound method TestDome.func of <test_aasd.test_demo.TestDome object at 0x03753D90>> = <test_aasd.test_demo.TestDome object at 0x03753D90>.func\n\ntest_demo.py:18: AssertionError",
  "flaky" : false,
  "beforeStages" : [ ],
  "testStage" : {
    "status" : "failed",
    "statusMessage" : "AssertionError: assert 4 == 5\n +  where 4 = <bound method TestDome.func of <test_aasd.test_demo.TestDome object at 0x03753D90>>(3)\n +    where <bound method TestDome.func of <test_aasd.test_demo.TestDome object at 0x03753D90>> = <test_aasd.test_demo.TestDome object at 0x03753D90>.func",
    "statusTrace" : "self = <test_aasd.test_demo.TestDome object at 0x03753D90>\n\n    @allure.story(\"被测场景\")\n    @allure.severity(\"blocker\")\n    @allure.step(\"断言结果\")\n    def test_func(self):\n        # with pytest.allure.step(\"查询认证信息\"):\n        allure.attach(\"预期结果\", \"{}\".format(self.func(3)))\n        allure.attach(\"实际结果\", \"{}\".format(5))\n>       assert self.func(3) == 5\nE       assert 4 == 5\nE        +  where 4 = <bound method TestDome.func of <test_aasd.test_demo.TestDome object at 0x03753D90>>(3)\nE        +    where <bound method TestDome.func of <test_aasd.test_demo.TestDome object at 0x03753D90>> = <test_aasd.test_demo.TestDome object at 0x03753D90>.func\n\ntest_demo.py:18: AssertionError",
    "steps" : [ {
      "name" : "断言结果",
      "time" : {
        "start" : 1594808117290,
        "stop" : 1594808117291,
        "duration" : 1
      },
      "status" : "failed",
      "statusMessage" : "AssertionError: assert 4 == 5\n +  where 4 = <bound method TestDome.func of <test_aasd.test_demo.TestDome object at 0x03753D90>>(3)\n +    where <bound method TestDome.func of <test_aasd.test_demo.TestDome object at 0x03753D90>> = <test_aasd.test_demo.TestDome object at 0x03753D90>.func\n",
      "statusTrace" : "  File \"c:\\users\\zhao\\pycharmprojects\\untitled\\venv\\lib\\site-packages\\allure_commons\\_allure.py\", line 157, in impl\n    return func(*a, **kw)\n  File \"C:\\Users\\zhao\\PycharmProjects\\untitled\\test_aasd\\test_demo.py\", line 18, in test_func\n    assert self.func(3) == 5\n",
      "steps" : [ {
        "name" : "定义被测函数",
        "time" : {
          "start" : 1594808117290,
          "stop" : 1594808117290,
          "duration" : 0
        },
        "status" : "passed",
        "steps" : [ ],
        "attachments" : [ ],
        "parameters" : [ {
          "name" : "x",
          "value" : "3"
        } ],
        "attachmentsCount" : 0,
        "shouldDisplayMessage" : false,
        "stepsCount" : 0,
        "hasContent" : true
      }, {
        "name" : "定义被测函数",
        "time" : {
          "start" : 1594808117291,
          "stop" : 1594808117291,
          "duration" : 0
        },
        "status" : "passed",
        "steps" : [ ],
        "attachments" : [ ],
        "parameters" : [ {
          "name" : "x",
          "value" : "3"
        } ],
        "attachmentsCount" : 0,
        "shouldDisplayMessage" : false,
        "stepsCount" : 0,
        "hasContent" : true
      } ],
      "attachments" : [ {
        "uid" : "20a89eae90c40f8",
        "name" : "4",
        "source" : "20a89eae90c40f8.attach",
        "type" : "text/plain",
        "size" : 12
      }, {
        "uid" : "934bf44bb48ffbe7",
        "name" : "5",
        "source" : "934bf44bb48ffbe7.attach",
        "type" : "text/plain",
        "size" : 12
      } ],
      "parameters" : [ ],
      "attachmentsCount" : 2,
      "shouldDisplayMessage" : true,
      "stepsCount" : 2,
      "hasContent" : true
    } ],
    "attachments" : [ ],
    "parameters" : [ ],
    "attachmentsCount" : 2,
    "shouldDisplayMessage" : true,
    "stepsCount" : 3,
    "hasContent" : true
  },
  "afterStages" : [ ],
  "labels" : [ {
    "name" : "story",
    "value" : "被测场景"
  }, {
    "name" : "feature",
    "value" : "测试Dome"
  }, {
    "name" : "severity",
    "value" : "blocker"
  }, {
    "name" : "suite",
    "value" : "test_demo"
  }, {
    "name" : "subSuite",
    "value" : "TestDome"
  }, {
    "name" : "host",
    "value" : "zhao-PC"
  }, {
    "name" : "thread",
    "value" : "6064-MainThread"
  }, {
    "name" : "framework",
    "value" : "pytest"
  }, {
    "name" : "language",
    "value" : "cpython3"
  }, {
    "name" : "package",
    "value" : "test_demo"
  }, {
    "name" : "resultFormat",
    "value" : "allure2"
  } ],
  "parameters" : [ ],
  "links" : [ ],
  "hidden" : false,
  "retry" : false,
  "extra" : {
    "severity" : "blocker",
    "retries" : [ ],
    "categories" : [ {
      "name" : "Product defects",
      "matchedStatuses" : [ ],
      "flaky" : false
    } ],
    "tags" : [ ]
  },
  "source" : "8167924c89f9741d.json",
  "parameterValues" : [ ]
}